2025-03-14 19:22:07,971 - Login Successful
  Greeting		: ---> Login Successful, Welcome admin!
  Account			: admin
  IP Address	: 172.20.10.2
  Timestamp		: 2025-03-14 19:22:07

2025-03-14 19:23:23,864 - Login Failed
  Error				: Login Failed, Please Try Again!
  Account			: admin
  IP Address	: 172.20.10.2
  Timestamp		: 2025-03-14 19:23:23

2025-03-14 19:25:28,947 - Login Successful
  Greeting		: ---> Login Successful, Welcome admin!
  Account			: admin
  IP Address	: 172.20.10.2
  Timestamp		: 2025-03-14 19:25:28

2025-03-14 19:28:24,088 - Login Successful
  Greeting		: ---> Login Successful, Welcome admin!
  Account			: admin
  IP Address	: 172.20.10.2
  Timestamp		: 2025-03-14 19:28:24

2025-03-14 19:29:22,210 - Login Successful
  Greeting		: ---> Login Successful, Welcome admin!
  Account			: admin
  IP Address	: 172.20.10.2
  Timestamp		: 2025-03-14 19:29:22

2025-03-14 19:58:21,376 - Login Failed
  Error				: Login Failed, Please Try Again!
  Account			: admin
  IP Address	: 172.20.10.2
  Timestamp		: 2025-03-14 19:58:21

2025-03-14 19:58:28,731 - Login Failed - User not found
  Account			: ssss
  IP Address	: 172.20.10.2
  Timestamp		: 2025-03-14 19:58:28

2025-03-14 19:58:35,810 - Login Successful
  Greeting		: Login Successful!
  Account			: admin
  IP Address	: 172.20.10.2
  Timestamp		: 2025-03-14 19:58:35

